*   b39ceb1 : Merge branch 'master' of https://github.com/karinakozarova/Ruby_training
|\  
| * e525f58 : Delete tst.rb
* | 90eaca1 : small update
|/  
* b16ec09 : програма, която изписва произведения от матура и потребителя ттрябва да познае авторът
* ba7bd9f : better naming
* 05e577d : Added a program to find the longest streak of digits/nums in a number
*   1204287 : Merge branch 'master' of https://github.com/karinakozarova/Ruby_training
|\  
| * ddbd78e : refactored KB's rules of SD
| * b16c00e : changed content style
| * 318624f : add forgoten ````ruby tag
* | c680fd4 : more info
|/  
* 8f8e8db : banking
* bdfe0c4 : banking
* 3f89322 : banking
* ba09b3b : banking
* d4fa649 : update some files
* 6b9cb72 : added the pc
* 0777b36 : final modules section commit
* b7cbbeb : More modules
* 5d9b537 : More modules
* f5d870c : Modules
* bc3fafa : Modules docs update
* a8b09bd : Modules docs update
* ffcbc99 : Class docs update
* 58792ce : Class docs update
* 701e283 : more oop
* 3f4409b : more oop
* 58f50d3 : more oop
* 1adb84f : more oop
* f6698c3 : more oop
* 1fadbb2 : more oop
* 79ea69c : more oop
* 9f49cae : more from the oop section
* f6fca53 : mre from the  oop section
* fa6e728 : started oop section
* 9a83176 : completed section
* 0c7761a : removed old testing files
* 9511a54 : more exercises
* 21e992b : more blocks procs lambdas added
* 0c7127f : Added some ruby history and overview of the language
* c74bc89 : Create biggest_num.rb
* 2dd2a08 : refactoring
* 7cc6927 : refactor
* 17fc3a1 : refactor code
* 88e6b96 : improved readability
* 60b05a6 : reconstruct
* 156efce : removed unnecessary comments
* f8f20c7 : renamed
* 4716687 : renamed files
* 3eaa42f : rm comment
* 41e99bb : removed comments
* 6697011 : methods and sorting update
* d043c35 : loops section update
* b3b8332 : Refactoring code
* 57c61bf : Update readme
* afdf1de : More documentation
* e3bfa23 : Docs update
* 957099c : Update readme
* 86afb71 : Update
* 5d10cd9 : started new section
* 564408e : started new section
* 4642bf4 : Added refactoring exercise
* 5ba1bce : section final upd
* da76d9f : upd
* ba6e951 : upd
* 814dc33 : upd
* e1c886f : upd
* b885dc2 : Create zen_of_ruby_section.rb
* ad2e80b : Update README.md
* 39daa77 : Update README.md
* e4190bc : Create movies.rb
* c79b90c : Update hashes_and_symbols_section.rb
* a0527d8 : Update README.md
* d85accb : Update hashes_and_symbols_section.rb
* e71be01 : Create nums_dont_lie.rb
* ae066f0 : upd docs
* 86d1080 : Update hashes_and_symbols_section.rb
* 45a023d : Update README.md
* 92fdeaf : Update README.md
* bc42dc0 : Update README.md
* e50a844 : Create hashes_and_symbols_section.rb
* 30b6ce1 : Update README.md
* 3a9f227 : Update README.md
* 5a8c37d : Update README.md
* 51e8b0c : Update README.md
* 9082393 : Update README.md
* 19936b6 : Update methods_and_Sorting_section.rb
* 54dfe1a : docs
* 4568ecb : docmentation
* cad5322 : added another bonus task
* 864a698 : bonus exercise done
* 3fa5618 : continue of the bonus task
* c174a79 :  more classes
* 85d097c : started classes
* 109d880 : refactor code, fixed small mistake
* abaedd1 : Create digits.rb
* 76a9826 : installed rspec
* 923d885 : hello
* deb0765 : inf hello
* ef1f73b : asl
* 49af69a : game update
* 6c037e9 : removed old logins
* c372629 : bug fix
* 720f043 : User login ruby
* 38407f8 : update documentation
* b327ba7 : update documentation
* 5d06118 : update documentation
*   7b3b88b : Merge branch 'master' of https://github.com/karinakozarova/Ruby_training
|\  
| * 3a1d178 : Create README.md
| * be058b0 : Create alphabetize.rb
| * a344ffa : Create methods_and_Sorting_section.rb
| * 104a884 : Update README.md
| * 528fc27 : Create prime_or_not.rb
| * 2d17ff7 : Create word_histogram.rb
| * 7912444 : Create data_structures_section.rb
| * 718fc0e : Create arrays_section.rb
| * ad7ea4f : Create text_search.rb
| * 1883b91 : Update loops_section.rb
| * c07ad92 : Create guess_the_num.rb
| * 9988c45 : Update README.md
* | f40460e : update documentation
* | 6bd2f86 : methods upd
|/  
* 92c2687 : upd
* 16b5788 : More loops
* 30f9df6 : started loops exercises
* 3f31029 : downcased
*   d417b50 : Merge branch 'master' of https://github.com/karinakozarova/Ruby_training
|\  
| * 684fd37 : Update README.md
| * bbd4bd2 : Create thtring.rb
| * 61ca126 : Create problems.rb
| * f15efbb : Update section_2.rb
| * 65c05cb : Create section_3.rb
| * d649834 : Create section_2.rb
| * ba23d17 : Create if_else.rb
| * 99cc0c9 : Create who_are_you.rb
| * 7636665 : Create section_1.rb
| * 0a7eeb9 : Create puts_print.rb
| * f5bba3e : Create assignment.rb
* | 5209a32 : commit new files
|/  
* 8b273d6 : upd
*   307f1fa : Merge branch 'master' of https://github.com/karinakozarova/Ruby_training
|\  
| * 99f6ffa : Delete first_last_digit_num.rb
* | e508c5e : removed code mistakes
* | 1fd67c2 : Hash methods
* | 95b5f6b : updated
|/  
* 3218741 : more examples
* 5b2b8a4 : array exercises
* 0f80de0 : array exercise
* e73cd7e : docc
* 1309de0 : documentation
* 0d3ed18 : documentation
* 83c68f0 : More docs updated
* af88e84 : fixed closing tag problem
* 4448e5f : Updated variables section
* ec39b8d : updated documentation
* 91b9113 : Docs update
* 3868fd0 : All exercises into one file with deifferent (and better) realizaton
* 41783c6 : boiling_point_of_substance('water', 'C') #=> 100
* 333d6b5 : Added melting point
* 7204fc7 : temperature conversion
* 468e9b9 : FGibonacci
*   4e81546 : Merge branch 'master' of https://github.com/karinakozarova/Ruby_training
|\  
| * 273f5b7 : Create print_two_argv.rb
* | 485d001 : update
|/  
* ce57b44 : love ruby
* 76f05ad : first and last digit
* e265496 : little ascii
* 474f1ba : each loop
* 16e76ca : Delete my_documentation.md
* 5430ac9 : Move docs
* 9d9eaba : Move docs
* 41b148b : Modified documentation
* f072450 : Update my_documentation.md
* 377332c : For loop
* 30c874a : begin..until
* 5b97cec : file fix
* 5e1555a : more file training
* 3f23044 : added quadratic calculator
* 060e645 : fixed docs
* 6c8106d : Read line
* 1287469 : writing files
* 95402f2 : docs
* 8a7f3ef : added close to docs
* c8f9009 : Close files
* 4bced9f : gets filename
* 1b5b4ac : Files yay
* b91bdbe : argv
* f5c5c0d : simple pormpt
*   f5c7ff1 : Merge branch 'master' of https://github.com/karinakozarova/Ruby_training
|\  
| * 678f15d : Create ARGV.rb
| * 02f163a : Update my_documentation.md
| * 3e08a60 : Update my_documentation.md
| * d576220 : Create tabs_lines.rb
| * 2bd2bc7 : Create puts_inside_print.rb
| * 07f63aa : Update my_documentation.md
| * 415ab32 : Update my_documentation.md
| * 49b6d2f : Update my_documentation.md
| * 828f98f : Update gender_and_age.rb
| * a67919e : Create gender_and_age.rb
| * 78c570b : Create alive_or_dead.rb
* | 2221e96 : sleep
* | 9597205 : sleep
|/  
* 24b2ab8 : until loop
* 5d81157 : until loop
* d283216 : post while doc
* cb72ab1 : post while
* 7709d76 : Structure change
* 4864128 : Update my_documentation.md
* 517177c : while -> docs
* 84cdd27 : nums till 100
* 3de71cb : vars
* 8812906 : conditionals
* f0d00b5 : updated docs
* 46c727c : unless beer
* 081c0c8 : ==
* ac350f3 : Update my_documentation.md
* 4e476a0 : comments
* 7602dab : comments
* b1bab07 : chomp
* 38e8693 : arrays
* 36ac813 : Update my_documentation.md
* d5c27b9 : Update my_documentation.md
* f196a72 : s
* 6a59d2a : update docs
* cd075a9 : split string
* c9f5335 : get some chars from a string
* 8caf65f : string properties
* 795df4f : are you 5
* 5f08887 : if else
* 13f9c43 : more gets
* 2a1a120 : add math
* 6ddd982 : add math
* de380e8 : add math
* 279a85d : Update
* 25a1416 : started docs
* d4f0c8d : puts and gets
* 983fb44 : helloo world
* 4ca38cc : Initial commit